Determining if the pthread_create exist failed with the following output:
Change Dir: /home/pkchen/Documents/SFND_Lidar_Obstacle_Detection/build/CMakeFiles/CMakeTmp

Run Build Command:"/usr/bin/make" "cmTC_5a1a6/fast"
/usr/bin/make -f CMakeFiles/cmTC_5a1a6.dir/build.make CMakeFiles/cmTC_5a1a6.dir/build
make[1]: Entering directory '/home/pkchen/Documents/SFND_Lidar_Obstacle_Detection/build/CMakeFiles/CMakeTmp'
Building C object CMakeFiles/cmTC_5a1a6.dir/CheckSymbolExists.c.o
/usr/bin/cc    -o CMakeFiles/cmTC_5a1a6.dir/CheckSymbolExists.c.o   -c /home/pkchen/Documents/SFND_Lidar_Obstacle_Detection/build/CMakeFiles/CMakeTmp/CheckSymbolExists.c
Linking C executable cmTC_5a1a6
/usr/bin/cmake -E cmake_link_script CMakeFiles/cmTC_5a1a6.dir/link.txt --verbose=1
/usr/bin/cc      -rdynamic CMakeFiles/cmTC_5a1a6.dir/CheckSymbolExists.c.o  -o cmTC_5a1a6 
CMakeFiles/cmTC_5a1a6.dir/CheckSymbolExists.c.o: In function `main':
CheckSymbolExists.c:(.text+0x1b): undefined reference to `pthread_create'
collect2: error: ld returned 1 exit status
CMakeFiles/cmTC_5a1a6.dir/build.make:97: recipe for target 'cmTC_5a1a6' failed
make[1]: *** [cmTC_5a1a6] Error 1
make[1]: Leaving directory '/home/pkchen/Documents/SFND_Lidar_Obstacle_Detection/build/CMakeFiles/CMakeTmp'
Makefile:126: recipe for target 'cmTC_5a1a6/fast' failed
make: *** [cmTC_5a1a6/fast] Error 2

File /home/pkchen/Documents/SFND_Lidar_Obstacle_Detection/build/CMakeFiles/CMakeTmp/CheckSymbolExists.c:
/* */
#include <pthread.h>

int main(int argc, char** argv)
{
  (void)argv;
#ifndef pthread_create
  return ((int*)(&pthread_create))[argc];
#else
  (void)argc;
  return 0;
#endif
}

Determining if the function pthread_create exists in the pthreads failed with the following output:
Change Dir: /home/pkchen/Documents/SFND_Lidar_Obstacle_Detection/build/CMakeFiles/CMakeTmp

Run Build Command:"/usr/bin/make" "cmTC_95dec/fast"
/usr/bin/make -f CMakeFiles/cmTC_95dec.dir/build.make CMakeFiles/cmTC_95dec.dir/build
make[1]: Entering directory '/home/pkchen/Documents/SFND_Lidar_Obstacle_Detection/build/CMakeFiles/CMakeTmp'
Building C object CMakeFiles/cmTC_95dec.dir/CheckFunctionExists.c.o
/usr/bin/cc   -DCHECK_FUNCTION_EXISTS=pthread_create   -o CMakeFiles/cmTC_95dec.dir/CheckFunctionExists.c.o   -c /usr/share/cmake-3.10/Modules/CheckFunctionExists.c
Linking C executable cmTC_95dec
/usr/bin/cmake -E cmake_link_script CMakeFiles/cmTC_95dec.dir/link.txt --verbose=1
/usr/bin/cc  -DCHECK_FUNCTION_EXISTS=pthread_create    -rdynamic CMakeFiles/cmTC_95dec.dir/CheckFunctionExists.c.o  -o cmTC_95dec -lpthreads 
/usr/bin/ld: cannot find -lpthreads
collect2: error: ld returned 1 exit status
CMakeFiles/cmTC_95dec.dir/build.make:97: recipe for target 'cmTC_95dec' failed
make[1]: *** [cmTC_95dec] Error 1
make[1]: Leaving directory '/home/pkchen/Documents/SFND_Lidar_Obstacle_Detection/build/CMakeFiles/CMakeTmp'
Makefile:126: recipe for target 'cmTC_95dec/fast' failed
make: *** [cmTC_95dec/fast] Error 2


